{"level":"error","message":"Error while fetching notifications NULL is not defined","service":"user-service","stack":"ReferenceError: NULL is not defined\n    at getNotifications (C:\\Users\\singh\\Desktop\\ecommerce\\backend\\controllers\\notification.controller.js:46:22)\n    at Layer.handle [as handle_request] (C:\\Users\\singh\\Desktop\\ecommerce\\backend\\node_modules\\express\\lib\\router\\layer.js:95:5)\n    at next (C:\\Users\\singh\\Desktop\\ecommerce\\backend\\node_modules\\express\\lib\\router\\route.js:144:13)\n    at authMiddleware (C:\\Users\\singh\\Desktop\\ecommerce\\backend\\controllers\\user\\auth.controller.js:285:5)\n    at Layer.handle [as handle_request] (C:\\Users\\singh\\Desktop\\ecommerce\\backend\\node_modules\\express\\lib\\router\\layer.js:95:5)\n    at next (C:\\Users\\singh\\Desktop\\ecommerce\\backend\\node_modules\\express\\lib\\router\\route.js:144:13)\n    at Route.dispatch (C:\\Users\\singh\\Desktop\\ecommerce\\backend\\node_modules\\express\\lib\\router\\route.js:114:3)\n    at Layer.handle [as handle_request] (C:\\Users\\singh\\Desktop\\ecommerce\\backend\\node_modules\\express\\lib\\router\\layer.js:95:5)\n    at C:\\Users\\singh\\Desktop\\ecommerce\\backend\\node_modules\\express\\lib\\router\\index.js:284:15\n    at Function.process_params (C:\\Users\\singh\\Desktop\\ecommerce\\backend\\node_modules\\express\\lib\\router\\index.js:346:12)"}
{"level":"error","message":"Error while fetching notifications NULL is not defined","service":"user-service","stack":"ReferenceError: NULL is not defined\n    at getNotifications (C:\\Users\\singh\\Desktop\\ecommerce\\backend\\controllers\\notification.controller.js:46:22)\n    at Layer.handle [as handle_request] (C:\\Users\\singh\\Desktop\\ecommerce\\backend\\node_modules\\express\\lib\\router\\layer.js:95:5)\n    at next (C:\\Users\\singh\\Desktop\\ecommerce\\backend\\node_modules\\express\\lib\\router\\route.js:144:13)\n    at authMiddleware (C:\\Users\\singh\\Desktop\\ecommerce\\backend\\controllers\\user\\auth.controller.js:285:5)\n    at Layer.handle [as handle_request] (C:\\Users\\singh\\Desktop\\ecommerce\\backend\\node_modules\\express\\lib\\router\\layer.js:95:5)\n    at next (C:\\Users\\singh\\Desktop\\ecommerce\\backend\\node_modules\\express\\lib\\router\\route.js:144:13)\n    at Route.dispatch (C:\\Users\\singh\\Desktop\\ecommerce\\backend\\node_modules\\express\\lib\\router\\route.js:114:3)\n    at Layer.handle [as handle_request] (C:\\Users\\singh\\Desktop\\ecommerce\\backend\\node_modules\\express\\lib\\router\\layer.js:95:5)\n    at C:\\Users\\singh\\Desktop\\ecommerce\\backend\\node_modules\\express\\lib\\router\\index.js:284:15\n    at Function.process_params (C:\\Users\\singh\\Desktop\\ecommerce\\backend\\node_modules\\express\\lib\\router\\index.js:346:12)"}
{"level":"error","message":"Error while updating address Unknown column 'id' in 'where clause'","service":"user-service"}
{"level":"error","message":"Error while updating address Unknown column 'id' in 'where clause'","service":"user-service"}
{"level":"error","message":"Error in comparing pas Error: Illegal arguments: undefined, string","service":"user-service"}
{"level":"error","message":"Error while creating product SequelizeValidationError: notNull Violation: Product.product_length cannot be null,\nnotNull Violation: Product.product_width cannot be null,\nnotNull Violation: Product.product_height cannot be null,\nnotNull Violation: Product.product_weight cannot be null ","service":"user-service"}
{"level":"error","message":"Error while adding product to stripe Error: Missing required param: name.","service":"user-service"}
{"level":"error","message":"Error while creating product ReferenceError: err is not defined ","service":"user-service"}
{"level":"error","message":"Error while adding product to stripe Error: Missing required param: name.","service":"user-service"}
{"level":"error","message":"Error while creating product ReferenceError: err is not defined ","service":"user-service"}
{"level":"error","message":"Error while adding price to stripe Error: Missing required param: currency.","service":"user-service"}
{"level":"error","message":"Error while creating product ReferenceError: err is not defined ","service":"user-service"}
{"level":"error","message":"Error while fetching products Error: Include unexpected. Element has to be either a Model, an Association or an object.","service":"user-service"}
{"level":"error","message":"Error while fetching products Error: Include unexpected. Element has to be either a Model, an Association or an object.","service":"user-service"}
{"level":"error","message":"Error while fetching product Error: Include unexpected. Element has to be either a Model, an Association or an object.","service":"user-service"}
{"level":"error","message":"Error while fetching product Error: Include unexpected. Element has to be either a Model, an Association or an object.","service":"user-service"}
{"level":"error","message":"Error fetching cart Error: Include unexpected. Element has to be either a Model, an Association or an object.","service":"user-service"}
{"level":"error","message":"Error fetching cart Error: Include unexpected. Element has to be either a Model, an Association or an object.","service":"user-service"}
{"level":"error","message":"Error fetching cart Error: Include unexpected. Element has to be either a Model, an Association or an object.","service":"user-service"}
{"level":"error","message":"Error fetching cart Error: Include unexpected. Element has to be either a Model, an Association or an object.","service":"user-service"}
{"level":"error","message":"Error fetching cart TypeError: Cannot read properties of null (reading 'CartItem')","service":"user-service"}
{"level":"error","message":"Error fetching cart TypeError: Cannot read properties of null (reading 'CartItem')","service":"user-service"}
{"level":"error","message":"Error while addiing to cart Error: Include unexpected. Element has to be either a Model, an Association or an object.","service":"user-service"}
{"level":"error","message":"Error while addiing to cart Error: Include unexpected. Element has to be either a Model, an Association or an object.","service":"user-service"}
{"level":"error","message":"Error while creating new cart SequelizeForeignKeyConstraintError: Cannot add or update a child row: a foreign key constraint fails (`ecommerce`.`carts`, CONSTRAINT `carts_ibfk_2` FOREIGN KEY (`user_id`) REFERENCES `users` (`user_id`) ON UPDATE CASCADE)","service":"user-service"}
{"level":"error","message":"Error while creating new cart SequelizeForeignKeyConstraintError: Cannot add or update a child row: a foreign key constraint fails (`ecommerce`.`carts`, CONSTRAINT `carts_ibfk_2` FOREIGN KEY (`user_id`) REFERENCES `users` (`user_id`) ON UPDATE CASCADE)","service":"user-service"}
{"level":"error","message":"Error while creating new cart SequelizeForeignKeyConstraintError: Cannot add or update a child row: a foreign key constraint fails (`ecommerce`.`carts`, CONSTRAINT `carts_ibfk_2` FOREIGN KEY (`user_id`) REFERENCES `users` (`user_id`) ON UPDATE CASCADE)","service":"user-service"}
{"level":"error","message":"Error while creating new cart SequelizeForeignKeyConstraintError: Cannot add or update a child row: a foreign key constraint fails (`ecommerce`.`carts`, CONSTRAINT `carts_ibfk_2` FOREIGN KEY (`user_id`) REFERENCES `users` (`user_id`) ON UPDATE CASCADE)","service":"user-service"}
{"level":"error","message":"Error fetching cart TypeError: Cannot read properties of undefined (reading 'map')","service":"user-service"}
{"level":"error","message":"Error fetching cart TypeError: Cannot read properties of undefined (reading 'map')","service":"user-service"}
{"level":"error","message":"Error fetching cart TypeError: Cannot read properties of undefined (reading 'map')","service":"user-service"}
{"level":"error","message":"Error fetching cart TypeError: Cannot read properties of undefined (reading 'map')","service":"user-service"}
{"level":"error","message":"Error fetching cart TypeError: Cannot read properties of undefined (reading 'map')","service":"user-service"}
{"level":"error","message":"Error fetching cart TypeError: Cannot read properties of undefined (reading 'map')","service":"user-service"}
{"level":"error","message":"Error fetching cart TypeError: cartitems?.map(...).then is not a function","service":"user-service"}
{"level":"error","message":"Error fetching cart TypeError: cartitems?.map(...).then is not a function","service":"user-service"}
{"level":"error","message":"Error fetching cart TypeError: cartitems?.map(...).then is not a function","service":"user-service"}
{"level":"error","message":"Error fetching cart TypeError: cartitems?.map(...).then is not a function","service":"user-service"}
{"level":"error","message":"Error fetching cart TypeError: Cannot read properties of undefined (reading 'reduce')","service":"user-service"}
{"level":"error","message":"Error fetching cart TypeError: Cannot read properties of undefined (reading 'reduce')","service":"user-service"}
{"level":"error","message":"Error fetching cart TypeError: Cannot read properties of undefined (reading 'reduce')","service":"user-service"}
{"level":"error","message":"Error fetching cart TypeError: Cannot read properties of undefined (reading 'reduce')","service":"user-service"}
15:09:07 [31merror[39m: Error fetching cart TypeError: Cannot read properties of undefined (reading 'reduce')
15:09:07 [31merror[39m: Error fetching cart TypeError: Cannot read properties of undefined (reading 'reduce')
15:09:59 [31merror[39m: Error fetching cart TypeError: Cannot read properties of undefined (reading 'reduce')
15:09:59 [31merror[39m: Error fetching cart TypeError: Cannot read properties of undefined (reading 'reduce')
15:10:48 [31merror[39m: Error fetching cart TypeError: Cannot read properties of undefined (reading 'reduce')
15:10:48 [31merror[39m: Error fetching cart TypeError: Cannot read properties of undefined (reading 'reduce')
15:11:38 [31merror[39m: Error fetching cart TypeError: Cannot read properties of undefined (reading 'reduce')
15:11:38 [31merror[39m: Error fetching cart TypeError: Cannot read properties of undefined (reading 'reduce')
15:13:06 [31merror[39m: Error fetching cart TypeError: Cannot read properties of undefined (reading 'reduce')
15:13:06 [31merror[39m: Error fetching cart TypeError: Cannot read properties of undefined (reading 'reduce')
15:13:52 [31merror[39m: Error fetching cart TypeError: Cannot read properties of undefined (reading 'reduce')
15:13:52 [31merror[39m: Error fetching cart TypeError: Cannot read properties of undefined (reading 'reduce')
15:14:21 [31merror[39m: Error fetching cart TypeError: Cannot read properties of undefined (reading 'reduce')
15:14:21 [31merror[39m: Error fetching cart TypeError: Cannot read properties of undefined (reading 'reduce')
15:14:36 [31merror[39m: Error fetching cart TypeError: Cannot read properties of undefined (reading 'reduce')
15:14:36 [31merror[39m: Error fetching cart TypeError: Cannot read properties of undefined (reading 'reduce')
15:23:00 [31merror[39m: Error fetching cart TypeError: Cannot read properties of undefined (reading 'reduce')
15:23:00 [31merror[39m: Error fetching cart TypeError: Cannot read properties of undefined (reading 'reduce')
15:23:09 [31merror[39m: Error fetching cart TypeError: Cannot read properties of undefined (reading 'reduce')
15:23:09 [31merror[39m: Error fetching cart TypeError: Cannot read properties of undefined (reading 'reduce')
15:23:22 [31merror[39m: Error fetching cart TypeError: Cannot read properties of undefined (reading 'reduce')
15:23:22 [31merror[39m: Error fetching cart TypeError: Cannot read properties of undefined (reading 'reduce')
15:24:27 [31merror[39m: Error fetching cart TypeError: Cannot read properties of undefined (reading 'reduce')
15:24:27 [31merror[39m: Error fetching cart TypeError: Cannot read properties of undefined (reading 'reduce')
15:26:45 [31merror[39m: Error fetching cart TypeError: Cannot read properties of undefined (reading 'reduce')
15:26:47 [31merror[39m: Error fetching cart TypeError: Cannot read properties of undefined (reading 'reduce')
15:28:03 [31merror[39m: Error fetching cart ReferenceError: cart_arr is not defined
15:28:48 [31merror[39m: Error fetching cart ReferenceError: cart_arr is not defined
15:28:48 [31merror[39m: Error fetching cart ReferenceError: cart_arr is not defined
15:29:12 [31merror[39m: Error fetching cart ReferenceError: cart_arr is not defined
15:29:12 [31merror[39m: Error fetching cart ReferenceError: cart_arr is not defined
15:30:25 [31merror[39m: Error fetching cart TypeError: Cannot read properties of undefined (reading 'reduce')
15:30:25 [31merror[39m: Error fetching cart TypeError: Cannot read properties of undefined (reading 'reduce')
15:32:18 [31merror[39m: Error fetching cart ReferenceError: cart_arr is not defined
15:32:18 [31merror[39m: Error fetching cart ReferenceError: cart_arr is not defined
15:32:49 [31merror[39m: Error fetching cart ReferenceError: cart_arr is not defined
15:32:49 [31merror[39m: Error fetching cart ReferenceError: cart_arr is not defined
15:33:16 [31merror[39m: Error fetching cart ReferenceError: cart_arr is not defined
15:33:16 [31merror[39m: Error fetching cart ReferenceError: cart_arr is not defined
15:33:28 [31merror[39m: Error fetching cart ReferenceError: cart_arr is not defined
15:33:28 [31merror[39m: Error fetching cart ReferenceError: cart_arr is not defined
15:33:42 [31merror[39m: Error fetching cart ReferenceError: cart_arr is not defined
15:33:42 [31merror[39m: Error fetching cart ReferenceError: cart_arr is not defined
16:00:53 [31merror[39m: error while deleting cartitem TypeError: Cannot read properties of undefined (reading 'length')
16:03:38 [31merror[39m: error while deleting cartitem TypeError: Cannot read properties of undefined (reading 'length')
16:04:23 [31merror[39m: error while deleting cartitem TypeError: Cannot read properties of undefined (reading 'CartItem')
16:05:06 [31merror[39m: error while deleting cartitem TypeError: Cannot read properties of undefined (reading 'CartItem')
16:05:26 [31merror[39m: error while deleting cartitem TypeError: Cannot read properties of undefined (reading 'CartItems')
16:06:46 [31merror[39m: Error fetching cart TypeError: Cannot read properties of null (reading 'CartItems')
16:08:31 [31merror[39m: Error fetching cart TypeError: Cannot read properties of null (reading 'CartItems')
16:08:31 [31merror[39m: Error fetching cart TypeError: Cannot read properties of null (reading 'CartItems')
19:09:54 [31merror[39m: Error while fetching wishlist ReferenceError: Product is not defined
19:09:54 [31merror[39m: Error while fetching wishlist ReferenceError: Product is not defined
19:10:04 [31merror[39m: Error while fetching wishlist ReferenceError: Product is not defined
19:10:04 [31merror[39m: Error while fetching wishlist ReferenceError: Product is not defined
19:20:59 [31merror[39m: Error while removing from wishlist TypeError: res.status is not a function
19:22:17 [31merror[39m: Error while removing from wishlist TypeError: res.status is not a function
19:23:18 [31merror[39m: Error while removing from wishlist TypeError: res.status is not a function
20:35:31 [31merror[39m: Error while creating wishlist Error: Missing where attribute in the options parameter passed to findOrCreate. Please note that the API has changed, and is now options only (an object with where, defaults keys, transaction etc.)
20:52:18 [31merror[39m: Error while updating the image table SequelizeDatabaseError: Data too long for column 'image_url' at row 1
21:01:34 [31merror[39m: Error fetching cart SequelizeEagerLoadingError: Image is not associated to CartItem!
21:01:34 [31merror[39m: Error fetching cart SequelizeEagerLoadingError: Image is not associated to CartItem!
18:11:03 [31merror[39m: Error while fetching product TypeError: Converting circular structure to JSON
    --> starting at object with constructor 'Array'
    |     index 0 -> object with constructor 'Object'
    |     property 'parent' -> object with constructor 'Object'
    --- property 'include' closes the circle
18:11:03 [31merror[39m: Error while fetching product TypeError: Converting circular structure to JSON
    --> starting at object with constructor 'Array'
    |     index 0 -> object with constructor 'Object'
    |     property 'parent' -> object with constructor 'Object'
    --- property 'include' closes the circle
20:27:00 [31merror[39m: Failed to connect to db Incorrect column name '  '
20:27:17 [31merror[39m: Failed to connect to db Incorrect column name '  '
20:27:46 [31merror[39m: Failed to connect to db Incorrect column name '  '
20:28:19 [31merror[39m: Failed to connect to db Incorrect column name '  '
20:28:47 [31merror[39m: Failed to connect to db Incorrect column name '  '
21:02:31 [31merror[39m: Error while creating wishlist SequelizeForeignKeyConstraintError: Cannot add or update a child row: a foreign key constraint fails (`ecommerce`.`wishlists`, CONSTRAINT `wishlists_ibfk_2` FOREIGN KEY (`user_id`) REFERENCES `users` (`user_id`) ON UPDATE CASCADE)
11:01:23 [31merror[39m: Error while creating a session SequelizeDatabaseError: Unknown column 'session_id' in 'field list'
11:01:23 [31merror[39m: Error while creating a session SequelizeDatabaseError: Unknown column 'session_id' in 'field list'
11:37:34 [31merror[39m: Error while fetching products Error: WHERE parameter "user_id" has invalid "undefined" value
11:37:34 [31merror[39m: Error while fetching products Error: WHERE parameter "user_id" has invalid "undefined" value
11:38:03 [31merror[39m: Error while fetching products Error: WHERE parameter "user_id" has invalid "undefined" value
11:38:03 [31merror[39m: Error while fetching products Error: WHERE parameter "user_id" has invalid "undefined" value
12:07:59 [31merror[39m: Error while creating new cart SequelizeForeignKeyConstraintError: Cannot add or update a child row: a foreign key constraint fails (`ecommerce`.`carts`, CONSTRAINT `carts_ibfk_2` FOREIGN KEY (`user_id`) REFERENCES `users` (`user_id`) ON UPDATE CASCADE)
12:10:04 [31merror[39m: Error while creating new cart SequelizeForeignKeyConstraintError: Cannot add or update a child row: a foreign key constraint fails (`ecommerce`.`carts`, CONSTRAINT `carts_ibfk_2` FOREIGN KEY (`user_id`) REFERENCES `users` (`user_id`) ON UPDATE CASCADE)
15:34:05 [31merror[39m: Error while updating the image table SequelizeForeignKeyConstraintError: Cannot add or update a child row: a foreign key constraint fails (`ecommerce`.`images`, CONSTRAINT `images_ibfk_1` FOREIGN KEY (`product_id`) REFERENCES `products` (`product_id`) ON DELETE SET NULL ON UPDATE CASCADE)
15:40:56 [31merror[39m: Error while addiing to cart ReferenceError: newCart is not defined
15:56:09 [31merror[39m: Error while updating the image table SequelizeForeignKeyConstraintError: Cannot add or update a child row: a foreign key constraint fails (`ecommerce`.`images`, CONSTRAINT `images_ibfk_1` FOREIGN KEY (`product_id`) REFERENCES `products` (`product_id`) ON DELETE SET NULL ON UPDATE CASCADE)
